VirtualBox XPCOM Server 4.3.10_Debian r93012 linux.amd64 (Apr  6 2014 13:40:56) release log
00:00:00.001732 main     Log opened 2014-06-03T19:17:58.307220000Z
00:00:00.001737 main     Build Type: release
00:00:00.001745 main     OS Product: Linux
00:00:00.001747 main     OS Release: 3.2.0-4-amd64
00:00:00.001749 main     OS Version: #1 SMP Debian 3.2.57-3
00:00:00.001795 main     DMI Product Name: 2438CTO
00:00:00.001811 main     DMI Product Version: ThinkPad W530
00:00:00.001929 main     Host RAM: 7603MB total, 7433MB available
00:00:00.001939 main     Executable: /usr/lib/virtualbox/VBoxSVC
00:00:00.001940 main     Process ID: 3050
00:00:00.001942 main     Package type: LINUX_64BITS_GENERIC (OSE)
00:00:00.117010 nspr-2   Loading settings file "/home/skypers/.config/VirtualBox/VirtualBox.xml" with version "1.12-linux"
00:00:00.220692 nspr-2   Successfully initialised host USB using sysfs
00:00:00.225265 nspr-2   HostDnsMonitorProxy: Host's DNS information updated:
00:00:00.225290 nspr-2   DNS server 1: 192.168.43.1
00:00:00.225349 nspr-2   Failed to open "/dev/vboxdrvu", errno=13, rc=VERR_VM_DRIVER_NOT_ACCESSIBLE
00:00:00.226294 nspr-2   VDInit finished
00:00:00.236336 nspr-2   Loading settings file "/home/skypers/VirtualBox VMs/Windows 8/Windows 8.vbox" with version "1.14-linux"
00:00:00.597692 nspr-3   Failed to open "/dev/vboxdrvu", errno=13, rc=VERR_VM_DRIVER_NOT_ACCESSIBLE
00:00:05.086495 nspr-4   ERROR [COM]: aRC=VBOX_E_INVALID_VM_STATE (0x80bb0002) aIID={480cf695-2d8d-4256-9c7c-cce4184fa048} aComponent={Machine} aText={Machine is not locked for session (session state: Unlocked)}, preserve=false
00:00:05.113770 nspr-3   Failed to open "/dev/vboxdrvu", errno=13, rc=VERR_VM_DRIVER_NOT_ACCESSIBLE
00:00:05.292294 nspr-2   Failed to open "/dev/vboxdrvu", errno=13, rc=VERR_VM_DRIVER_NOT_ACCESSIBLE
00:00:05.341060 nspr-2   ERROR [COM]: aRC=VBOX_E_OBJECT_NOT_FOUND (0x80bb0001) aIID={3295e6ce-b051-47b2-9514-2c588bfe7554} aComponent={ExtPackManager} aText={No extension pack by the name 'Oracle VM VirtualBox Extension Pack' was found}, preserve=false
00:00:05.350429 nspr-3   ERROR [COM]: aRC=VBOX_E_IPRT_ERROR (0x80bb0005) aIID={480cf695-2d8d-4256-9c7c-cce4184fa048} aComponent={SessionMachine} aText={Saved screenshot data is not available (VERR_NOT_SUPPORTED)}, preserve=false
00:00:05.399771 nspr-4   NetIfAdpCtlOut: VBoxNetAdpCtl: Error while retrieving link speed for wlan0: VBoxNetAdpCtl: ioctl failed: Operation not supported
00:00:05.439701 nspr-4   Failed to open "/dev/vboxdrvu", errno=13, rc=VERR_VM_DRIVER_NOT_ACCESSIBLE
00:00:05.452065 nspr-4   Failed to open "/dev/vboxdrvu", errno=13, rc=VERR_VM_DRIVER_NOT_ACCESSIBLE
00:00:05.738680 nspr-4   Failed to open "/dev/vboxdrvu", errno=13, rc=VERR_VM_DRIVER_NOT_ACCESSIBLE
00:02:59.506086 USBPROXY USBProxy: Device 05dc:a833 (sysfs:/sys/devices/pci0000:00/0000:00:14.0/usb1/1-1//device:/dev/bus/usb/001/008) isn't accessible. giving udev a few seconds to fix this...
00:04:54.820937 USBPROXY USBProxy: Device 05dc:a833 (sysfs:/sys/devices/pci0000:00/0000:00:14.0/usb2/2-2//device:/dev/bus/usb/002/003) isn't accessible. giving udev a few seconds to fix this...
00:05:54.261382 USBPROXY USBProxy: Device 05dc:a833 (sysfs:/sys/devices/pci0000:00/0000:00:14.0/usb2/2-2//device:/dev/bus/usb/002/004) isn't accessible. giving udev a few seconds to fix this...
00:06:24.885843 USBPROXY USBProxy: Device 05dc:a833 (sysfs:/sys/devices/pci0000:00/0000:00:14.0/usb1/1-2//device:/dev/bus/usb/001/010) isn't accessible. giving udev a few seconds to fix this...
00:06:25.457346 USBPROXY USBProxy: Device 05dc:a833 (sysfs:/sys/devices/pci0000:00/0000:00:14.0/usb1/1-2//device:/dev/bus/usb/001/011) isn't accessible. giving udev a few seconds to fix this...
00:08:24.673312 nspr-4   Failed to open "/dev/vboxdrvu", errno=13, rc=VERR_VM_DRIVER_NOT_ACCESSIBLE
00:08:24.726278 nspr-3   Failed to open "/dev/vboxdrvu", errno=13, rc=VERR_VM_DRIVER_NOT_ACCESSIBLE
00:08:24.891727 nspr-5   Failed to open "/dev/vboxdrvu", errno=13, rc=VERR_VM_DRIVER_NOT_ACCESSIBLE
00:08:25.870642 nspr-3   Failed to open "/dev/vboxdrvu", errno=13, rc=VERR_VM_DRIVER_NOT_ACCESSIBLE
00:08:26.075756 nspr-3   Failed to open "/dev/vboxdrvu", errno=13, rc=VERR_VM_DRIVER_NOT_ACCESSIBLE
00:08:26.086444 nspr-2   NetIfAdpCtlOut: VBoxNetAdpCtl: Error while retrieving link speed for wlan0: VBoxNetAdpCtl: ioctl failed: Operation not supported
00:08:26.089542 nspr-5   NetIfAdpCtlOut: VBoxNetAdpCtl: Error while retrieving link speed for wlan0: VBoxNetAdpCtl: ioctl failed: Operation not supported
00:08:26.213013 nspr-5   Failed to open "/dev/vboxdrvu", errno=13, rc=VERR_VM_DRIVER_NOT_ACCESSIBLE
00:08:26.334803 nspr-4   Failed to open "/dev/vboxdrvu", errno=13, rc=VERR_VM_DRIVER_NOT_ACCESSIBLE
00:08:55.288149 nspr-3   Failed to open "/dev/vboxdrvu", errno=13, rc=VERR_VM_DRIVER_NOT_ACCESSIBLE
00:08:56.694561 nspr-2   ERROR [COM]: aRC=VBOX_E_INVALID_VM_STATE (0x80bb0002) aIID={480cf695-2d8d-4256-9c7c-cce4184fa048} aComponent={Machine} aText={Machine is not locked for session (session state: Unlocked)}, preserve=false
00:08:56.712656 nspr-2   Failed to open "/dev/vboxdrvu", errno=13, rc=VERR_VM_DRIVER_NOT_ACCESSIBLE
00:08:56.897709 nspr-4   Failed to open "/dev/vboxdrvu", errno=13, rc=VERR_VM_DRIVER_NOT_ACCESSIBLE
00:08:56.948816 nspr-2   ERROR [COM]: aRC=VBOX_E_OBJECT_NOT_FOUND (0x80bb0001) aIID={3295e6ce-b051-47b2-9514-2c588bfe7554} aComponent={ExtPackManager} aText={No extension pack by the name 'Oracle VM VirtualBox Extension Pack' was found}, preserve=false
00:08:56.958545 nspr-5   ERROR [COM]: aRC=VBOX_E_IPRT_ERROR (0x80bb0005) aIID={480cf695-2d8d-4256-9c7c-cce4184fa048} aComponent={SessionMachine} aText={Saved screenshot data is not available (VERR_NOT_SUPPORTED)}, preserve=false
00:08:57.009654 nspr-3   NetIfAdpCtlOut: VBoxNetAdpCtl: Error while retrieving link speed for wlan0: VBoxNetAdpCtl: ioctl failed: Operation not supported
00:08:57.040106 nspr-2   Failed to open "/dev/vboxdrvu", errno=13, rc=VERR_VM_DRIVER_NOT_ACCESSIBLE
00:08:57.040867 nspr-2   Failed to open "/dev/vboxdrvu", errno=13, rc=VERR_VM_DRIVER_NOT_ACCESSIBLE
00:08:57.290458 nspr-2   Failed to open "/dev/vboxdrvu", errno=13, rc=VERR_VM_DRIVER_NOT_ACCESSIBLE
00:09:44.519343 nspr-2   Failed to open "/dev/vboxdrvu", errno=13, rc=VERR_VM_DRIVER_NOT_ACCESSIBLE
00:09:47.004268 nspr-2   Failed to open "/dev/vboxdrvu", errno=13, rc=VERR_VM_DRIVER_NOT_ACCESSIBLE
00:10:07.153730 USBPROXY USBProxy: Device 05dc:a833 (sysfs:/sys/devices/pci0000:00/0000:00:14.0/usb1/1-2//device:/dev/bus/usb/001/012) isn't accessible. giving udev a few seconds to fix this...
00:10:11.103338 USBPROXY USBProxy: Device 05dc:a833 (sysfs:/sys/devices/pci0000:00/0000:00:1a.0/usb3/3-1/3-1.2//device:/dev/bus/usb/003/005) isn't accessible. giving udev a few seconds to fix this...
00:10:53.612287 USBPROXY USBProxy: Device 05dc:a833 (sysfs:/sys/devices/pci0000:00/0000:00:1d.0/usb4/4-1/4-1.5//device:/dev/bus/usb/004/004) isn't accessible. giving udev a few seconds to fix this...
00:18:08.796595 USBPROXY USBProxy: Device 05dc:a833 (sysfs:/sys/devices/pci0000:00/0000:00:1a.0/usb3/3-1/3-1.2//device:/dev/bus/usb/003/006) isn't accessible. giving udev a few seconds to fix this...
00:20:07.257888 nspr-3   Failed to open "/dev/vboxdrvu", errno=13, rc=VERR_VM_DRIVER_NOT_ACCESSIBLE
00:20:07.336942 nspr-5   Failed to open "/dev/vboxdrvu", errno=13, rc=VERR_VM_DRIVER_NOT_ACCESSIBLE
00:20:07.505155 nspr-2   Failed to open "/dev/vboxdrvu", errno=13, rc=VERR_VM_DRIVER_NOT_ACCESSIBLE
00:20:15.002419 USBPROXY USBProxy: Device 05dc:a833 (sysfs:/sys/devices/pci0000:00/0000:00:14.0/usb2/2-2//device:/dev/bus/usb/002/005) isn't accessible. giving udev a few seconds to fix this...
00:20:15.770126 main     ERROR [COM]: aRC=VBOX_E_OBJECT_IN_USE (0x80bb000c) aIID={05f2bbb6-a3a6-4fb9-9b49-6d0dda7142ac} aComponent={Medium} aText={Medium '/home/skypers/VirtualBox VMs/Windows 8/NewVirtualDisk1.vdi' cannot be closed because it is still attached to 1 virtual machines}, preserve=false
00:20:15.841155 Watcher  ERROR [COM]: aRC=E_ACCESSDENIED (0x80070005) aIID={fafa4e17-1ee2-4905-a10e-fe7c18bf5554} aComponent={VirtualBox} aText={The object is not ready}, preserve=false
